<?xml version="1.0" encoding="UTF-8"?>
<!-- Generated by org.testng.reporters.JUnitXMLReporter -->
<testsuite ignored="0" hostname="DESKTOP-RHDLCVP" failures="0" tests="22" name="Chrome Test" time="139.973" errors="0" timestamp="2021-03-13T14:24:50 IST">
  <testcase classname="com.TestScenarios.TestCase" name="verifyPageTitle" time="0.117"/>
  <testcase classname="com.TestScenarios.TestCase" name="hoverOnNewBikes" time="5.38"/>
  <testcase classname="com.TestScenarios.TestCase" name="clickOnUpcomingBikes" time="10.332"/>
  <testcase classname="com.TestScenarios.TestCase" name="displayManufacturerList" time="4.22"/>
  <testcase classname="com.TestScenarios.TestCase" name="chooseManufacturer" time="8.776"/>
  <testcase classname="com.TestScenarios.TestCase" name="scrollDownToViewMoreBikes" time="3.564"/>
  <testcase classname="com.TestScenarios.TestCase" name="clickToViewMoreBikes" time="3.465"/>
  <testcase classname="com.TestScenarios.TestCase" name="displayBikesUnderFourLakhs" time="8.009"/>
  <testcase classname="com.TestScenarios.TestCase" name="scrollUp" time="3.13"/>
  <testcase classname="com.TestScenarios.TestCase" name="hoverOnUsedCars" time="3.09"/>
  <testcase classname="com.TestScenarios.TestCase" name="selectCity" time="8.556"/>
  <testcase classname="com.TestScenarios.TestCase" name="scrollDownToViewPopularModels" time="3.768"/>
  <testcase classname="com.TestScenarios.TestCase" name="displayPopularModels" time="5.071"/>
  <testcase classname="com.TestScenarios.TestCase" name="navigateToHomePage" time="7.316"/>
  <testcase classname="com.TestScenarios.TestCase" name="pressLoginButton" time="7.559"/>
  <testcase classname="com.TestScenarios.TestCase" name="clickOnContinueWithGoogle" time="1.397"/>
  <testcase classname="com.TestScenarios.TestCase" name="moveFocusToLoginWindow" time="2.924"/>
  <testcase classname="com.TestScenarios.TestCase" name="enterInvalidUsername" time="2.74"/>
  <testcase classname="com.TestScenarios.TestCase" name="clickOnNext" time="2.29"/>
  <testcase classname="com.TestScenarios.TestCase" name="emailWarningMessage" time="2.67"/>
  <testcase classname="com.TestScenarios.TestCase" name="collapseLoginWindow" time="2.34"/>
  <testcase classname="com.TestScenarios.TestCase" name="moveFocusToMainWindow" time="2.026"/>
</testsuite> <!-- Chrome Test -->
