<?xml version="1.0" encoding="UTF-8"?>
<testsuite xmlns:xsi="http://www.w3.org/2001/XMLSchema-instance" xsi:noNamespaceSchemaLocation="https://maven.apache.org/surefire/maven-surefire-plugin/xsd/surefire-test-report.xsd" name="TestSuite" time="159.568" tests="23" errors="0" skipped="0" failures="14">
  <properties>
[...]
</properties>
  <testcase name="verifyPageTitle" classname="com.TestScenarios.TestCase" time="0.048"/>
  <testcase name="hoverOnNewBikes" classname="com.TestScenarios.TestCase" time="5.605"/>
  <testcase name="clickOnUpcomingBikes" classname="com.TestScenarios.TestCase" time="10.164">
    <failure message="no such element: Unable to locate element: {&quot;method&quot;:&quot;partial link text&quot;,&quot;selector&quot;:&quot;Upcoming Bikes&quot;}&#10;  (Session info: chrome=90.0.4430.72)&#10;For documentation on this error, please visit: https://www.seleniumhq.org/exceptions/no_such_element.html&#10;Build info: version: &apos;3.141.59&apos;, revision: &apos;e82be7d358&apos;, time: &apos;2018-11-14T08:17:03&apos;&#10;System info: host: &apos;LAPTOP-Q5PNCHB6&apos;, ip: &apos;192.168.1.128&apos;, os.name: &apos;Windows 10&apos;, os.arch: &apos;amd64&apos;, os.version: &apos;10.0&apos;, java.version: &apos;15.0.2&apos;&#10;Driver info: org.openqa.selenium.remote.RemoteWebDriver&#10;Capabilities {acceptInsecureCerts: false, browserName: chrome, browserVersion: 90.0.4430.72, chrome: {chromedriverVersion: 89.0.4389.23 (61b08ee2c5002..., userDataDir: C:\Users\pawan\AppData\Loca...}, goog:chromeOptions: {debuggerAddress: localhost:55130}, javascriptEnabled: true, networkConnectionEnabled: false, pageLoadStrategy: normal, platform: WINDOWS, platformName: WINDOWS, proxy: Proxy(), setWindowRect: true, strictFileInteractability: false, timeouts: {implicit: 0, pageLoad: 300000, script: 30000}, unhandledPromptBehavior: dismiss and notify, webauthn:extension:largeBlob: true, webauthn:virtualAuthenticators: true, webdriver.remote.sessionid: 5bd03968425c5c40ff61151a8d7...}&#10;Session ID: 5bd03968425c5c40ff61151a8d771946&#10;*** Element info: {Using=partial link text, value=Upcoming Bikes}" type="org.openqa.selenium.NoSuchElementException">org.openqa.selenium.NoSuchElementException: 
no such element: Unable to locate element: {"method":"partial link text","selector":"Upcoming Bikes"}
  (Session info: chrome=90.0.4430.72)
For documentation on this error, please visit: https://www.seleniumhq.org/exceptions/no_such_element.html
Build info: version: '3.141.59', revision: 'e82be7d358', time: '2018-11-14T08:17:03'
System info: host: 'LAPTOP-Q5PNCHB6', ip: '192.168.1.128', os.name: 'Windows 10', os.arch: 'amd64', os.version: '10.0', java.version: '15.0.2'
Driver info: org.openqa.selenium.remote.RemoteWebDriver
Capabilities {acceptInsecureCerts: false, browserName: chrome, browserVersion: 90.0.4430.72, chrome: {chromedriverVersion: 89.0.4389.23 (61b08ee2c5002..., userDataDir: C:\Users\pawan\AppData\Loca...}, goog:chromeOptions: {debuggerAddress: localhost:55130}, javascriptEnabled: true, networkConnectionEnabled: false, pageLoadStrategy: normal, platform: WINDOWS, platformName: WINDOWS, proxy: Proxy(), setWindowRect: true, strictFileInteractability: false, timeouts: {implicit: 0, pageLoad: 300000, script: 30000}, unhandledPromptBehavior: dismiss and notify, webauthn:extension:largeBlob: true, webauthn:virtualAuthenticators: true, webdriver.remote.sessionid: 5bd03968425c5c40ff61151a8d7...}
Session ID: 5bd03968425c5c40ff61151a8d771946
*** Element info: {Using=partial link text, value=Upcoming Bikes}
	at com.TestScenarios.TestCase.clickOnUpcomingBikes(TestCase.java:77)
</failure>
    <system-out><![CDATA[Test Successful : hoverOnNewBikes

Test Started : clickOnUpcomingBikes
]]></system-out>
  </testcase>
  <testcase name="displayManufacturerList" classname="com.TestScenarios.TestCase" time="10.052">
    <failure message="no such element: Unable to locate element: {&quot;method&quot;:&quot;css selector&quot;,&quot;selector&quot;:&quot;#makeId&quot;}&#10;  (Session info: chrome=90.0.4430.72)&#10;For documentation on this error, please visit: https://www.seleniumhq.org/exceptions/no_such_element.html&#10;Build info: version: &apos;3.141.59&apos;, revision: &apos;e82be7d358&apos;, time: &apos;2018-11-14T08:17:03&apos;&#10;System info: host: &apos;LAPTOP-Q5PNCHB6&apos;, ip: &apos;192.168.1.128&apos;, os.name: &apos;Windows 10&apos;, os.arch: &apos;amd64&apos;, os.version: &apos;10.0&apos;, java.version: &apos;15.0.2&apos;&#10;Driver info: org.openqa.selenium.remote.RemoteWebDriver&#10;Capabilities {acceptInsecureCerts: false, browserName: chrome, browserVersion: 90.0.4430.72, chrome: {chromedriverVersion: 89.0.4389.23 (61b08ee2c5002..., userDataDir: C:\Users\pawan\AppData\Loca...}, goog:chromeOptions: {debuggerAddress: localhost:55130}, javascriptEnabled: true, networkConnectionEnabled: false, pageLoadStrategy: normal, platform: WINDOWS, platformName: WINDOWS, proxy: Proxy(), setWindowRect: true, strictFileInteractability: false, timeouts: {implicit: 0, pageLoad: 300000, script: 30000}, unhandledPromptBehavior: dismiss and notify, webauthn:extension:largeBlob: true, webauthn:virtualAuthenticators: true, webdriver.remote.sessionid: 5bd03968425c5c40ff61151a8d7...}&#10;Session ID: 5bd03968425c5c40ff61151a8d771946&#10;*** Element info: {Using=id, value=makeId}" type="org.openqa.selenium.NoSuchElementException">org.openqa.selenium.NoSuchElementException: 
no such element: Unable to locate element: {"method":"css selector","selector":"#makeId"}
  (Session info: chrome=90.0.4430.72)
For documentation on this error, please visit: https://www.seleniumhq.org/exceptions/no_such_element.html
Build info: version: '3.141.59', revision: 'e82be7d358', time: '2018-11-14T08:17:03'
System info: host: 'LAPTOP-Q5PNCHB6', ip: '192.168.1.128', os.name: 'Windows 10', os.arch: 'amd64', os.version: '10.0', java.version: '15.0.2'
Driver info: org.openqa.selenium.remote.RemoteWebDriver
Capabilities {acceptInsecureCerts: false, browserName: chrome, browserVersion: 90.0.4430.72, chrome: {chromedriverVersion: 89.0.4389.23 (61b08ee2c5002..., userDataDir: C:\Users\pawan\AppData\Loca...}, goog:chromeOptions: {debuggerAddress: localhost:55130}, javascriptEnabled: true, networkConnectionEnabled: false, pageLoadStrategy: normal, platform: WINDOWS, platformName: WINDOWS, proxy: Proxy(), setWindowRect: true, strictFileInteractability: false, timeouts: {implicit: 0, pageLoad: 300000, script: 30000}, unhandledPromptBehavior: dismiss and notify, webauthn:extension:largeBlob: true, webauthn:virtualAuthenticators: true, webdriver.remote.sessionid: 5bd03968425c5c40ff61151a8d7...}
Session ID: 5bd03968425c5c40ff61151a8d771946
*** Element info: {Using=id, value=makeId}
	at com.TestScenarios.TestCase.displayManufacturerList(TestCase.java:95)
</failure>
    <system-out><![CDATA[Test Failed : clickOnUpcomingBikes

Test Started : displayManufacturerList
]]></system-out>
  </testcase>
  <testcase name="chooseManufacturer" classname="com.TestScenarios.TestCase" time="10.056">
    <failure message="no such element: Unable to locate element: {&quot;method&quot;:&quot;xpath&quot;,&quot;selector&quot;:&quot;//option[@value=&apos;53&apos;]&quot;}&#10;  (Session info: chrome=90.0.4430.72)&#10;For documentation on this error, please visit: https://www.seleniumhq.org/exceptions/no_such_element.html&#10;Build info: version: &apos;3.141.59&apos;, revision: &apos;e82be7d358&apos;, time: &apos;2018-11-14T08:17:03&apos;&#10;System info: host: &apos;LAPTOP-Q5PNCHB6&apos;, ip: &apos;192.168.1.128&apos;, os.name: &apos;Windows 10&apos;, os.arch: &apos;amd64&apos;, os.version: &apos;10.0&apos;, java.version: &apos;15.0.2&apos;&#10;Driver info: org.openqa.selenium.remote.RemoteWebDriver&#10;Capabilities {acceptInsecureCerts: false, browserName: chrome, browserVersion: 90.0.4430.72, chrome: {chromedriverVersion: 89.0.4389.23 (61b08ee2c5002..., userDataDir: C:\Users\pawan\AppData\Loca...}, goog:chromeOptions: {debuggerAddress: localhost:55130}, javascriptEnabled: true, networkConnectionEnabled: false, pageLoadStrategy: normal, platform: WINDOWS, platformName: WINDOWS, proxy: Proxy(), setWindowRect: true, strictFileInteractability: false, timeouts: {implicit: 0, pageLoad: 300000, script: 30000}, unhandledPromptBehavior: dismiss and notify, webauthn:extension:largeBlob: true, webauthn:virtualAuthenticators: true, webdriver.remote.sessionid: 5bd03968425c5c40ff61151a8d7...}&#10;Session ID: 5bd03968425c5c40ff61151a8d771946&#10;*** Element info: {Using=xpath, value=//option[@value=&apos;53&apos;]}" type="org.openqa.selenium.NoSuchElementException">org.openqa.selenium.NoSuchElementException: 
no such element: Unable to locate element: {"method":"xpath","selector":"//option[@value='53']"}
  (Session info: chrome=90.0.4430.72)
For documentation on this error, please visit: https://www.seleniumhq.org/exceptions/no_such_element.html
Build info: version: '3.141.59', revision: 'e82be7d358', time: '2018-11-14T08:17:03'
System info: host: 'LAPTOP-Q5PNCHB6', ip: '192.168.1.128', os.name: 'Windows 10', os.arch: 'amd64', os.version: '10.0', java.version: '15.0.2'
Driver info: org.openqa.selenium.remote.RemoteWebDriver
Capabilities {acceptInsecureCerts: false, browserName: chrome, browserVersion: 90.0.4430.72, chrome: {chromedriverVersion: 89.0.4389.23 (61b08ee2c5002..., userDataDir: C:\Users\pawan\AppData\Loca...}, goog:chromeOptions: {debuggerAddress: localhost:55130}, javascriptEnabled: true, networkConnectionEnabled: false, pageLoadStrategy: normal, platform: WINDOWS, platformName: WINDOWS, proxy: Proxy(), setWindowRect: true, strictFileInteractability: false, timeouts: {implicit: 0, pageLoad: 300000, script: 30000}, unhandledPromptBehavior: dismiss and notify, webauthn:extension:largeBlob: true, webauthn:virtualAuthenticators: true, webdriver.remote.sessionid: 5bd03968425c5c40ff61151a8d7...}
Session ID: 5bd03968425c5c40ff61151a8d771946
*** Element info: {Using=xpath, value=//option[@value='53']}
	at com.TestScenarios.TestCase.chooseManufacturer(TestCase.java:113)
</failure>
    <system-out><![CDATA[Test Failed : displayManufacturerList

Test Started : chooseManufacturer
]]></system-out>
  </testcase>
  <testcase name="scrollDownToViewMoreBikes" classname="com.TestScenarios.TestCase" time="10.084">
    <failure message="no such element: Unable to locate element: {&quot;method&quot;:&quot;xpath&quot;,&quot;selector&quot;:&quot;//*[@class=&apos;zw-cmn-loadMore&apos;]&quot;}&#10;  (Session info: chrome=90.0.4430.72)&#10;For documentation on this error, please visit: https://www.seleniumhq.org/exceptions/no_such_element.html&#10;Build info: version: &apos;3.141.59&apos;, revision: &apos;e82be7d358&apos;, time: &apos;2018-11-14T08:17:03&apos;&#10;System info: host: &apos;LAPTOP-Q5PNCHB6&apos;, ip: &apos;192.168.1.128&apos;, os.name: &apos;Windows 10&apos;, os.arch: &apos;amd64&apos;, os.version: &apos;10.0&apos;, java.version: &apos;15.0.2&apos;&#10;Driver info: org.openqa.selenium.remote.RemoteWebDriver&#10;Capabilities {acceptInsecureCerts: false, browserName: chrome, browserVersion: 90.0.4430.72, chrome: {chromedriverVersion: 89.0.4389.23 (61b08ee2c5002..., userDataDir: C:\Users\pawan\AppData\Loca...}, goog:chromeOptions: {debuggerAddress: localhost:55130}, javascriptEnabled: true, networkConnectionEnabled: false, pageLoadStrategy: normal, platform: WINDOWS, platformName: WINDOWS, proxy: Proxy(), setWindowRect: true, strictFileInteractability: false, timeouts: {implicit: 0, pageLoad: 300000, script: 30000}, unhandledPromptBehavior: dismiss and notify, webauthn:extension:largeBlob: true, webauthn:virtualAuthenticators: true, webdriver.remote.sessionid: 5bd03968425c5c40ff61151a8d7...}&#10;Session ID: 5bd03968425c5c40ff61151a8d771946&#10;*** Element info: {Using=xpath, value=//*[@class=&apos;zw-cmn-loadMore&apos;]}" type="org.openqa.selenium.NoSuchElementException">org.openqa.selenium.NoSuchElementException: 
no such element: Unable to locate element: {"method":"xpath","selector":"//*[@class='zw-cmn-loadMore']"}
  (Session info: chrome=90.0.4430.72)
For documentation on this error, please visit: https://www.seleniumhq.org/exceptions/no_such_element.html
Build info: version: '3.141.59', revision: 'e82be7d358', time: '2018-11-14T08:17:03'
System info: host: 'LAPTOP-Q5PNCHB6', ip: '192.168.1.128', os.name: 'Windows 10', os.arch: 'amd64', os.version: '10.0', java.version: '15.0.2'
Driver info: org.openqa.selenium.remote.RemoteWebDriver
Capabilities {acceptInsecureCerts: false, browserName: chrome, browserVersion: 90.0.4430.72, chrome: {chromedriverVersion: 89.0.4389.23 (61b08ee2c5002..., userDataDir: C:\Users\pawan\AppData\Loca...}, goog:chromeOptions: {debuggerAddress: localhost:55130}, javascriptEnabled: true, networkConnectionEnabled: false, pageLoadStrategy: normal, platform: WINDOWS, platformName: WINDOWS, proxy: Proxy(), setWindowRect: true, strictFileInteractability: false, timeouts: {implicit: 0, pageLoad: 300000, script: 30000}, unhandledPromptBehavior: dismiss and notify, webauthn:extension:largeBlob: true, webauthn:virtualAuthenticators: true, webdriver.remote.sessionid: 5bd03968425c5c40ff61151a8d7...}
Session ID: 5bd03968425c5c40ff61151a8d771946
*** Element info: {Using=xpath, value=//*[@class='zw-cmn-loadMore']}
	at com.TestScenarios.TestCase.scrollDownToViewMoreBikes(TestCase.java:131)
</failure>
    <system-out><![CDATA[Test Failed : chooseManufacturer

Test Started : scrollDownToViewMoreBikes
]]></system-out>
  </testcase>
  <testcase name="clickToViewMoreBikes" classname="com.TestScenarios.TestCase" time="10.023">
    <failure message="no such element: Unable to locate element: {&quot;method&quot;:&quot;xpath&quot;,&quot;selector&quot;:&quot;//*[@class=&apos;zw-cmn-loadMore&apos;]&quot;}&#10;  (Session info: chrome=90.0.4430.72)&#10;For documentation on this error, please visit: https://www.seleniumhq.org/exceptions/no_such_element.html&#10;Build info: version: &apos;3.141.59&apos;, revision: &apos;e82be7d358&apos;, time: &apos;2018-11-14T08:17:03&apos;&#10;System info: host: &apos;LAPTOP-Q5PNCHB6&apos;, ip: &apos;192.168.1.128&apos;, os.name: &apos;Windows 10&apos;, os.arch: &apos;amd64&apos;, os.version: &apos;10.0&apos;, java.version: &apos;15.0.2&apos;&#10;Driver info: org.openqa.selenium.remote.RemoteWebDriver&#10;Capabilities {acceptInsecureCerts: false, browserName: chrome, browserVersion: 90.0.4430.72, chrome: {chromedriverVersion: 89.0.4389.23 (61b08ee2c5002..., userDataDir: C:\Users\pawan\AppData\Loca...}, goog:chromeOptions: {debuggerAddress: localhost:55130}, javascriptEnabled: true, networkConnectionEnabled: false, pageLoadStrategy: normal, platform: WINDOWS, platformName: WINDOWS, proxy: Proxy(), setWindowRect: true, strictFileInteractability: false, timeouts: {implicit: 0, pageLoad: 300000, script: 30000}, unhandledPromptBehavior: dismiss and notify, webauthn:extension:largeBlob: true, webauthn:virtualAuthenticators: true, webdriver.remote.sessionid: 5bd03968425c5c40ff61151a8d7...}&#10;Session ID: 5bd03968425c5c40ff61151a8d771946&#10;*** Element info: {Using=xpath, value=//*[@class=&apos;zw-cmn-loadMore&apos;]}" type="org.openqa.selenium.NoSuchElementException">org.openqa.selenium.NoSuchElementException: 
no such element: Unable to locate element: {"method":"xpath","selector":"//*[@class='zw-cmn-loadMore']"}
  (Session info: chrome=90.0.4430.72)
For documentation on this error, please visit: https://www.seleniumhq.org/exceptions/no_such_element.html
Build info: version: '3.141.59', revision: 'e82be7d358', time: '2018-11-14T08:17:03'
System info: host: 'LAPTOP-Q5PNCHB6', ip: '192.168.1.128', os.name: 'Windows 10', os.arch: 'amd64', os.version: '10.0', java.version: '15.0.2'
Driver info: org.openqa.selenium.remote.RemoteWebDriver
Capabilities {acceptInsecureCerts: false, browserName: chrome, browserVersion: 90.0.4430.72, chrome: {chromedriverVersion: 89.0.4389.23 (61b08ee2c5002..., userDataDir: C:\Users\pawan\AppData\Loca...}, goog:chromeOptions: {debuggerAddress: localhost:55130}, javascriptEnabled: true, networkConnectionEnabled: false, pageLoadStrategy: normal, platform: WINDOWS, platformName: WINDOWS, proxy: Proxy(), setWindowRect: true, strictFileInteractability: false, timeouts: {implicit: 0, pageLoad: 300000, script: 30000}, unhandledPromptBehavior: dismiss and notify, webauthn:extension:largeBlob: true, webauthn:virtualAuthenticators: true, webdriver.remote.sessionid: 5bd03968425c5c40ff61151a8d7...}
Session ID: 5bd03968425c5c40ff61151a8d771946
*** Element info: {Using=xpath, value=//*[@class='zw-cmn-loadMore']}
	at com.TestScenarios.TestCase.clickToViewMoreBikes(TestCase.java:145)
</failure>
    <system-out><![CDATA[Test Failed : scrollDownToViewMoreBikes

Test Started : clickToViewMoreBikes
]]></system-out>
  </testcase>
  <testcase name="displayBikesUnderFourLakhs" classname="com.TestScenarios.TestCase" time="19.978"/>
  <testcase name="scrollUp" classname="com.TestScenarios.TestCase" time="2.556"/>
  <testcase name="hoverOnUsedCars" classname="com.TestScenarios.TestCase" time="2.729"/>
  <testcase name="selectCity" classname="com.TestScenarios.TestCase" time="7.703"/>
  <testcase name="scrollDownToViewPopularModels" classname="com.TestScenarios.TestCase" time="2.692"/>
  <testcase name="displayPopularModels" classname="com.TestScenarios.TestCase" time="3.134"/>
  <testcase name="navigateToHomePage" classname="com.TestScenarios.TestCase" time="2.556"/>
  <testcase name="pressLoginButton" classname="com.TestScenarios.TestCase" time="3.347">
    <failure message="Cannot locate an element using id=des_lIcon&#10;For documentation on this error, please visit: https://www.seleniumhq.org/exceptions/no_such_element.html&#10;Build info: version: &apos;3.141.59&apos;, revision: &apos;e82be7d358&apos;, time: &apos;2018-11-14T08:17:03&apos;&#10;System info: host: &apos;LAPTOP-Q5PNCHB6&apos;, ip: &apos;192.168.1.128&apos;, os.name: &apos;Windows 10&apos;, os.arch: &apos;amd64&apos;, os.version: &apos;10.0&apos;, java.version: &apos;15.0.2&apos;&#10;Driver info: driver.version: RemoteWebDriver" type="org.openqa.selenium.NoSuchElementException">org.openqa.selenium.NoSuchElementException: 
Cannot locate an element using id=des_lIcon
For documentation on this error, please visit: https://www.seleniumhq.org/exceptions/no_such_element.html
Build info: version: '3.141.59', revision: 'e82be7d358', time: '2018-11-14T08:17:03'
System info: host: 'LAPTOP-Q5PNCHB6', ip: '192.168.1.128', os.name: 'Windows 10', os.arch: 'amd64', os.version: '10.0', java.version: '15.0.2'
Driver info: driver.version: RemoteWebDriver
	at com.TestScenarios.TestCase.pressLoginButton(TestCase.java:271)
</failure>
    <system-out><![CDATA[Test Successful : navigateToHomePage

Test Started : pressLoginButton
]]></system-out>
  </testcase>
  <testcase name="clickOnContinueWithGoogle" classname="com.TestScenarios.TestCase" time="0.021">
    <failure message="no such window: target window already closed&#10;from unknown error: web view not found&#10;  (Session info: chrome=90.0.4430.72)&#10;Build info: version: &apos;3.141.59&apos;, revision: &apos;e82be7d358&apos;, time: &apos;2018-11-14T08:17:03&apos;&#10;System info: host: &apos;LAPTOP-Q5PNCHB6&apos;, ip: &apos;192.168.1.128&apos;, os.name: &apos;Windows 10&apos;, os.arch: &apos;amd64&apos;, os.version: &apos;10.0&apos;, java.version: &apos;15.0.2&apos;&#10;Driver info: org.openqa.selenium.remote.RemoteWebDriver&#10;Capabilities {acceptInsecureCerts: false, browserName: chrome, browserVersion: 90.0.4430.72, chrome: {chromedriverVersion: 89.0.4389.23 (61b08ee2c5002..., userDataDir: C:\Users\pawan\AppData\Loca...}, goog:chromeOptions: {debuggerAddress: localhost:55130}, javascriptEnabled: true, networkConnectionEnabled: false, pageLoadStrategy: normal, platform: WINDOWS, platformName: WINDOWS, proxy: Proxy(), setWindowRect: true, strictFileInteractability: false, timeouts: {implicit: 0, pageLoad: 300000, script: 30000}, unhandledPromptBehavior: dismiss and notify, webauthn:extension:largeBlob: true, webauthn:virtualAuthenticators: true, webdriver.remote.sessionid: 5bd03968425c5c40ff61151a8d7...}&#10;Session ID: 5bd03968425c5c40ff61151a8d771946&#10;*** Element info: {Using=xpath, value=//*[@id=&apos;googleSignIn&apos;]}" type="org.openqa.selenium.NoSuchWindowException">org.openqa.selenium.NoSuchWindowException: 
no such window: target window already closed
from unknown error: web view not found
  (Session info: chrome=90.0.4430.72)
Build info: version: '3.141.59', revision: 'e82be7d358', time: '2018-11-14T08:17:03'
System info: host: 'LAPTOP-Q5PNCHB6', ip: '192.168.1.128', os.name: 'Windows 10', os.arch: 'amd64', os.version: '10.0', java.version: '15.0.2'
Driver info: org.openqa.selenium.remote.RemoteWebDriver
Capabilities {acceptInsecureCerts: false, browserName: chrome, browserVersion: 90.0.4430.72, chrome: {chromedriverVersion: 89.0.4389.23 (61b08ee2c5002..., userDataDir: C:\Users\pawan\AppData\Loca...}, goog:chromeOptions: {debuggerAddress: localhost:55130}, javascriptEnabled: true, networkConnectionEnabled: false, pageLoadStrategy: normal, platform: WINDOWS, platformName: WINDOWS, proxy: Proxy(), setWindowRect: true, strictFileInteractability: false, timeouts: {implicit: 0, pageLoad: 300000, script: 30000}, unhandledPromptBehavior: dismiss and notify, webauthn:extension:largeBlob: true, webauthn:virtualAuthenticators: true, webdriver.remote.sessionid: 5bd03968425c5c40ff61151a8d7...}
Session ID: 5bd03968425c5c40ff61151a8d771946
*** Element info: {Using=xpath, value=//*[@id='googleSignIn']}
	at com.TestScenarios.TestCase.clickOnContinueWithGoogle(TestCase.java:288)
</failure>
    <system-out><![CDATA[Test Failed : pressLoginButton

Test Started : clickOnContinueWithGoogle
]]></system-out>
  </testcase>
  <testcase name="moveFocusToLoginWindow" classname="com.TestScenarios.TestCase" time="1.004">
    <failure type="java.util.NoSuchElementException">java.util.NoSuchElementException
	at com.TestScenarios.TestCase.moveFocusToLoginWindow(TestCase.java:298)
</failure>
    <system-out><![CDATA[Test Failed : clickOnContinueWithGoogle

Test Started : moveFocusToLoginWindow
]]></system-out>
  </testcase>
  <testcase name="enterInvalidUsername" classname="com.TestScenarios.TestCase" time="0.029">
    <failure message="no such window: target window already closed&#10;from unknown error: web view not found&#10;  (Session info: chrome=90.0.4430.72)&#10;Build info: version: &apos;3.141.59&apos;, revision: &apos;e82be7d358&apos;, time: &apos;2018-11-14T08:17:03&apos;&#10;System info: host: &apos;LAPTOP-Q5PNCHB6&apos;, ip: &apos;192.168.1.128&apos;, os.name: &apos;Windows 10&apos;, os.arch: &apos;amd64&apos;, os.version: &apos;10.0&apos;, java.version: &apos;15.0.2&apos;&#10;Driver info: org.openqa.selenium.remote.RemoteWebDriver&#10;Capabilities {acceptInsecureCerts: false, browserName: chrome, browserVersion: 90.0.4430.72, chrome: {chromedriverVersion: 89.0.4389.23 (61b08ee2c5002..., userDataDir: C:\Users\pawan\AppData\Loca...}, goog:chromeOptions: {debuggerAddress: localhost:55130}, javascriptEnabled: true, networkConnectionEnabled: false, pageLoadStrategy: normal, platform: WINDOWS, platformName: WINDOWS, proxy: Proxy(), setWindowRect: true, strictFileInteractability: false, timeouts: {implicit: 0, pageLoad: 300000, script: 30000}, unhandledPromptBehavior: dismiss and notify, webauthn:extension:largeBlob: true, webauthn:virtualAuthenticators: true, webdriver.remote.sessionid: 5bd03968425c5c40ff61151a8d7...}&#10;Session ID: 5bd03968425c5c40ff61151a8d771946&#10;*** Element info: {Using=xpath, value=//*[@type=&apos;email&apos;]}" type="org.openqa.selenium.NoSuchWindowException">org.openqa.selenium.NoSuchWindowException: 
no such window: target window already closed
from unknown error: web view not found
  (Session info: chrome=90.0.4430.72)
Build info: version: '3.141.59', revision: 'e82be7d358', time: '2018-11-14T08:17:03'
System info: host: 'LAPTOP-Q5PNCHB6', ip: '192.168.1.128', os.name: 'Windows 10', os.arch: 'amd64', os.version: '10.0', java.version: '15.0.2'
Driver info: org.openqa.selenium.remote.RemoteWebDriver
Capabilities {acceptInsecureCerts: false, browserName: chrome, browserVersion: 90.0.4430.72, chrome: {chromedriverVersion: 89.0.4389.23 (61b08ee2c5002..., userDataDir: C:\Users\pawan\AppData\Loca...}, goog:chromeOptions: {debuggerAddress: localhost:55130}, javascriptEnabled: true, networkConnectionEnabled: false, pageLoadStrategy: normal, platform: WINDOWS, platformName: WINDOWS, proxy: Proxy(), setWindowRect: true, strictFileInteractability: false, timeouts: {implicit: 0, pageLoad: 300000, script: 30000}, unhandledPromptBehavior: dismiss and notify, webauthn:extension:largeBlob: true, webauthn:virtualAuthenticators: true, webdriver.remote.sessionid: 5bd03968425c5c40ff61151a8d7...}
Session ID: 5bd03968425c5c40ff61151a8d771946
*** Element info: {Using=xpath, value=//*[@type='email']}
	at com.TestScenarios.TestCase.enterInvalidUsername(TestCase.java:312)
</failure>
    <system-out><![CDATA[Test Failed : moveFocusToLoginWindow

Test Started : enterInvalidUsername
]]></system-out>
  </testcase>
  <testcase name="clickOnNext" classname="com.TestScenarios.TestCase" time="0.011">
    <failure message="no such window: target window already closed&#10;from unknown error: web view not found&#10;  (Session info: chrome=90.0.4430.72)&#10;Build info: version: &apos;3.141.59&apos;, revision: &apos;e82be7d358&apos;, time: &apos;2018-11-14T08:17:03&apos;&#10;System info: host: &apos;LAPTOP-Q5PNCHB6&apos;, ip: &apos;192.168.1.128&apos;, os.name: &apos;Windows 10&apos;, os.arch: &apos;amd64&apos;, os.version: &apos;10.0&apos;, java.version: &apos;15.0.2&apos;&#10;Driver info: org.openqa.selenium.remote.RemoteWebDriver&#10;Capabilities {acceptInsecureCerts: false, browserName: chrome, browserVersion: 90.0.4430.72, chrome: {chromedriverVersion: 89.0.4389.23 (61b08ee2c5002..., userDataDir: C:\Users\pawan\AppData\Loca...}, goog:chromeOptions: {debuggerAddress: localhost:55130}, javascriptEnabled: true, networkConnectionEnabled: false, pageLoadStrategy: normal, platform: WINDOWS, platformName: WINDOWS, proxy: Proxy(), setWindowRect: true, strictFileInteractability: false, timeouts: {implicit: 0, pageLoad: 300000, script: 30000}, unhandledPromptBehavior: dismiss and notify, webauthn:extension:largeBlob: true, webauthn:virtualAuthenticators: true, webdriver.remote.sessionid: 5bd03968425c5c40ff61151a8d7...}&#10;Session ID: 5bd03968425c5c40ff61151a8d771946&#10;*** Element info: {Using=xpath, value=//*[@class=&apos;VfPpkd-RLmnJb&apos;]}" type="org.openqa.selenium.NoSuchWindowException">org.openqa.selenium.NoSuchWindowException: 
no such window: target window already closed
from unknown error: web view not found
  (Session info: chrome=90.0.4430.72)
Build info: version: '3.141.59', revision: 'e82be7d358', time: '2018-11-14T08:17:03'
System info: host: 'LAPTOP-Q5PNCHB6', ip: '192.168.1.128', os.name: 'Windows 10', os.arch: 'amd64', os.version: '10.0', java.version: '15.0.2'
Driver info: org.openqa.selenium.remote.RemoteWebDriver
Capabilities {acceptInsecureCerts: false, browserName: chrome, browserVersion: 90.0.4430.72, chrome: {chromedriverVersion: 89.0.4389.23 (61b08ee2c5002..., userDataDir: C:\Users\pawan\AppData\Loca...}, goog:chromeOptions: {debuggerAddress: localhost:55130}, javascriptEnabled: true, networkConnectionEnabled: false, pageLoadStrategy: normal, platform: WINDOWS, platformName: WINDOWS, proxy: Proxy(), setWindowRect: true, strictFileInteractability: false, timeouts: {implicit: 0, pageLoad: 300000, script: 30000}, unhandledPromptBehavior: dismiss and notify, webauthn:extension:largeBlob: true, webauthn:virtualAuthenticators: true, webdriver.remote.sessionid: 5bd03968425c5c40ff61151a8d7...}
Session ID: 5bd03968425c5c40ff61151a8d771946
*** Element info: {Using=xpath, value=//*[@class='VfPpkd-RLmnJb']}
	at com.TestScenarios.TestCase.clickOnNext(TestCase.java:330)
</failure>
    <system-out><![CDATA[Test Failed : enterInvalidUsername

Test Started : clickOnNext
]]></system-out>
  </testcase>
  <testcase name="emailWarningMessage" classname="com.TestScenarios.TestCase" time="0.011">
    <failure message="no such window: target window already closed&#10;from unknown error: web view not found&#10;  (Session info: chrome=90.0.4430.72)&#10;Build info: version: &apos;3.141.59&apos;, revision: &apos;e82be7d358&apos;, time: &apos;2018-11-14T08:17:03&apos;&#10;System info: host: &apos;LAPTOP-Q5PNCHB6&apos;, ip: &apos;192.168.1.128&apos;, os.name: &apos;Windows 10&apos;, os.arch: &apos;amd64&apos;, os.version: &apos;10.0&apos;, java.version: &apos;15.0.2&apos;&#10;Driver info: org.openqa.selenium.remote.RemoteWebDriver&#10;Capabilities {acceptInsecureCerts: false, browserName: chrome, browserVersion: 90.0.4430.72, chrome: {chromedriverVersion: 89.0.4389.23 (61b08ee2c5002..., userDataDir: C:\Users\pawan\AppData\Loca...}, goog:chromeOptions: {debuggerAddress: localhost:55130}, javascriptEnabled: true, networkConnectionEnabled: false, pageLoadStrategy: normal, platform: WINDOWS, platformName: WINDOWS, proxy: Proxy(), setWindowRect: true, strictFileInteractability: false, timeouts: {implicit: 0, pageLoad: 300000, script: 30000}, unhandledPromptBehavior: dismiss and notify, webauthn:extension:largeBlob: true, webauthn:virtualAuthenticators: true, webdriver.remote.sessionid: 5bd03968425c5c40ff61151a8d7...}&#10;Session ID: 5bd03968425c5c40ff61151a8d771946&#10;*** Element info: {Using=xpath, value=//*[@class=&apos;o6cuMc&apos;]}" type="org.openqa.selenium.NoSuchWindowException">org.openqa.selenium.NoSuchWindowException: 
no such window: target window already closed
from unknown error: web view not found
  (Session info: chrome=90.0.4430.72)
Build info: version: '3.141.59', revision: 'e82be7d358', time: '2018-11-14T08:17:03'
System info: host: 'LAPTOP-Q5PNCHB6', ip: '192.168.1.128', os.name: 'Windows 10', os.arch: 'amd64', os.version: '10.0', java.version: '15.0.2'
Driver info: org.openqa.selenium.remote.RemoteWebDriver
Capabilities {acceptInsecureCerts: false, browserName: chrome, browserVersion: 90.0.4430.72, chrome: {chromedriverVersion: 89.0.4389.23 (61b08ee2c5002..., userDataDir: C:\Users\pawan\AppData\Loca...}, goog:chromeOptions: {debuggerAddress: localhost:55130}, javascriptEnabled: true, networkConnectionEnabled: false, pageLoadStrategy: normal, platform: WINDOWS, platformName: WINDOWS, proxy: Proxy(), setWindowRect: true, strictFileInteractability: false, timeouts: {implicit: 0, pageLoad: 300000, script: 30000}, unhandledPromptBehavior: dismiss and notify, webauthn:extension:largeBlob: true, webauthn:virtualAuthenticators: true, webdriver.remote.sessionid: 5bd03968425c5c40ff61151a8d7...}
Session ID: 5bd03968425c5c40ff61151a8d771946
*** Element info: {Using=xpath, value=//*[@class='o6cuMc']}
	at com.TestScenarios.TestCase.emailWarningMessage(TestCase.java:336)
</failure>
    <system-out><![CDATA[Test Failed : clickOnNext

Test Started : emailWarningMessage
]]></system-out>
  </testcase>
  <testcase name="collapseLoginWindow" classname="com.TestScenarios.TestCase" time="4.111">
    <failure message="chrome not reachable&#10;  (Session info: chrome=90.0.4430.72)&#10;Build info: version: &apos;3.141.59&apos;, revision: &apos;e82be7d358&apos;, time: &apos;2018-11-14T08:17:03&apos;&#10;System info: host: &apos;LAPTOP-Q5PNCHB6&apos;, ip: &apos;192.168.1.128&apos;, os.name: &apos;Windows 10&apos;, os.arch: &apos;amd64&apos;, os.version: &apos;10.0&apos;, java.version: &apos;15.0.2&apos;&#10;Driver info: org.openqa.selenium.remote.RemoteWebDriver&#10;Capabilities {acceptInsecureCerts: false, browserName: chrome, browserVersion: 90.0.4430.72, chrome: {chromedriverVersion: 89.0.4389.23 (61b08ee2c5002..., userDataDir: C:\Users\pawan\AppData\Loca...}, goog:chromeOptions: {debuggerAddress: localhost:55130}, javascriptEnabled: true, networkConnectionEnabled: false, pageLoadStrategy: normal, platform: WINDOWS, platformName: WINDOWS, proxy: Proxy(), setWindowRect: true, strictFileInteractability: false, timeouts: {implicit: 0, pageLoad: 300000, script: 30000}, unhandledPromptBehavior: dismiss and notify, webauthn:extension:largeBlob: true, webauthn:virtualAuthenticators: true, webdriver.remote.sessionid: 5bd03968425c5c40ff61151a8d7...}&#10;Session ID: 5bd03968425c5c40ff61151a8d771946" type="org.openqa.selenium.WebDriverException">org.openqa.selenium.WebDriverException: 
chrome not reachable
  (Session info: chrome=90.0.4430.72)
Build info: version: '3.141.59', revision: 'e82be7d358', time: '2018-11-14T08:17:03'
System info: host: 'LAPTOP-Q5PNCHB6', ip: '192.168.1.128', os.name: 'Windows 10', os.arch: 'amd64', os.version: '10.0', java.version: '15.0.2'
Driver info: org.openqa.selenium.remote.RemoteWebDriver
Capabilities {acceptInsecureCerts: false, browserName: chrome, browserVersion: 90.0.4430.72, chrome: {chromedriverVersion: 89.0.4389.23 (61b08ee2c5002..., userDataDir: C:\Users\pawan\AppData\Loca...}, goog:chromeOptions: {debuggerAddress: localhost:55130}, javascriptEnabled: true, networkConnectionEnabled: false, pageLoadStrategy: normal, platform: WINDOWS, platformName: WINDOWS, proxy: Proxy(), setWindowRect: true, strictFileInteractability: false, timeouts: {implicit: 0, pageLoad: 300000, script: 30000}, unhandledPromptBehavior: dismiss and notify, webauthn:extension:largeBlob: true, webauthn:virtualAuthenticators: true, webdriver.remote.sessionid: 5bd03968425c5c40ff61151a8d7...}
Session ID: 5bd03968425c5c40ff61151a8d771946
	at com.TestScenarios.TestCase.collapseLoginWindow(TestCase.java:356)
</failure>
    <system-out><![CDATA[Test Failed : emailWarningMessage

Test Started : collapseLoginWindow
]]></system-out>
  </testcase>
  <testcase name="moveFocusToMainWindow" classname="com.TestScenarios.TestCase" time="0.031">
    <failure message="null value in entry: handle=null" type="java.lang.NullPointerException">java.lang.NullPointerException: null value in entry: handle=null
	at com.TestScenarios.TestCase.moveFocusToMainWindow(TestCase.java:366)
</failure>
    <system-out><![CDATA[Test Failed : collapseLoginWindow

Test Started : moveFocusToMainWindow
]]></system-out>
  </testcase>
  <testcase name="tearDown" classname="com.TestScenarios.TestCase" time="0.258">
    <failure message="chrome not reachable&#10;  (Session info: chrome=90.0.4430.72)&#10;Build info: version: &apos;3.141.59&apos;, revision: &apos;e82be7d358&apos;, time: &apos;2018-11-14T08:17:03&apos;&#10;System info: host: &apos;LAPTOP-Q5PNCHB6&apos;, ip: &apos;192.168.1.128&apos;, os.name: &apos;Windows 10&apos;, os.arch: &apos;amd64&apos;, os.version: &apos;10.0&apos;, java.version: &apos;15.0.2&apos;&#10;Driver info: org.openqa.selenium.remote.RemoteWebDriver&#10;Capabilities {acceptInsecureCerts: false, browserName: chrome, browserVersion: 90.0.4430.72, chrome: {chromedriverVersion: 89.0.4389.23 (61b08ee2c5002..., userDataDir: C:\Users\pawan\AppData\Loca...}, goog:chromeOptions: {debuggerAddress: localhost:55130}, javascriptEnabled: true, networkConnectionEnabled: false, pageLoadStrategy: normal, platform: WINDOWS, platformName: WINDOWS, proxy: Proxy(), setWindowRect: true, strictFileInteractability: false, timeouts: {implicit: 0, pageLoad: 300000, script: 30000}, unhandledPromptBehavior: dismiss and notify, webauthn:extension:largeBlob: true, webauthn:virtualAuthenticators: true, webdriver.remote.sessionid: 5bd03968425c5c40ff61151a8d7...}&#10;Session ID: 5bd03968425c5c40ff61151a8d771946" type="org.openqa.selenium.WebDriverException">org.openqa.selenium.WebDriverException: 
chrome not reachable
  (Session info: chrome=90.0.4430.72)
Build info: version: '3.141.59', revision: 'e82be7d358', time: '2018-11-14T08:17:03'
System info: host: 'LAPTOP-Q5PNCHB6', ip: '192.168.1.128', os.name: 'Windows 10', os.arch: 'amd64', os.version: '10.0', java.version: '15.0.2'
Driver info: org.openqa.selenium.remote.RemoteWebDriver
Capabilities {acceptInsecureCerts: false, browserName: chrome, browserVersion: 90.0.4430.72, chrome: {chromedriverVersion: 89.0.4389.23 (61b08ee2c5002..., userDataDir: C:\Users\pawan\AppData\Loca...}, goog:chromeOptions: {debuggerAddress: localhost:55130}, javascriptEnabled: true, networkConnectionEnabled: false, pageLoadStrategy: normal, platform: WINDOWS, platformName: WINDOWS, proxy: Proxy(), setWindowRect: true, strictFileInteractability: false, timeouts: {implicit: 0, pageLoad: 300000, script: 30000}, unhandledPromptBehavior: dismiss and notify, webauthn:extension:largeBlob: true, webauthn:virtualAuthenticators: true, webdriver.remote.sessionid: 5bd03968425c5c40ff61151a8d7...}
Session ID: 5bd03968425c5c40ff61151a8d771946
	at com.TestScenarios.TestCase.tearDown(TestCase.java:378)
</failure>
    <system-out><![CDATA[Test Failed : moveFocusToMainWindow

]]></system-out>
  </testcase>
</testsuite>